<?xml version="1.0" encoding="UTF-8"?>
<!-- Generated by org.testng.reporters.JUnitReportReporter -->
<testsuite skipped="0" hostname="bayon" name="test.ExtentReportsDemoWithTestNG" tests="1" failures="0" timestamp="2019-09-23T09:16:21 CEST" time="4.010" errors="0">
  <testcase name="test1" time="4.010" classname="test.ExtentReportsDemoWithTestNG"/>
</testsuite> <!-- test.ExtentReportsDemoWithTestNG -->
