<?xml version="1.0" encoding="UTF-8"?>
<!-- Generated by org.testng.reporters.JUnitReportReporter -->
<testsuite skipped="0" hostname="bayon" name="utils.ExcelDataProvider" tests="3" failures="0" timestamp="2019-09-26T18:16:11 MESZ" time="13.409" errors="0">
  <testcase name="test1" time="7.403" classname="utils.ExcelDataProvider"/>
  <testcase name="test1" time="2.659" classname="utils.ExcelDataProvider"/>
  <testcase name="test1" time="3.347" classname="utils.ExcelDataProvider"/>
</testsuite> <!-- utils.ExcelDataProvider -->
